<?xml version="1.0" encoding="UTF-8"?>
<!-- Generated by org.testng.reporters.JUnitXMLReporter -->
<testsuite ignored="0" hostname="HOME-PC" failures="0" tests="5" name="Test" time="7.228" errors="0" timestamp="2021-09-13T17:03:07 IST">
  <testcase classname="testCases.TC_VideoGameAPI" name="test_getAllVideoGames" time="4.512"/>
  <testcase classname="testCases.TC_VideoGameAPI" name="test_addNewVideoGame" time="0.754"/>
  <testcase classname="testCases.TC_VideoGameAPI" name="test_getVideoGame" time="1.559"/>
  <testcase classname="testCases.TC_VideoGameAPI" name="test_UpdateVideoGame" time="0.181"/>
  <testcase classname="testCases.TC_VideoGameAPI" name="test_DeleteVideoGame" time="0.088"/>
</testsuite> <!-- Test -->
