<?xml version="1.0" encoding="UTF-8"?>
<!-- Generated by org.testng.reporters.JUnitXMLReporter -->
<testsuite ignored="0" hostname="HOME-PC" failures="0" tests="5" name="Test" time="18.592" errors="0" timestamp="13 Sep 2021 11:56:23 GMT">
  <testcase classname="testCases.TC_VideoGameAPI" name="test_getAllVideoGames" time="11.788"/>
  <testcase classname="testCases.TC_VideoGameAPI" name="test_addNewVideoGame" time="0.671"/>
  <testcase classname="testCases.TC_VideoGameAPI" name="test_getVideoGame" time="2.657"/>
  <testcase classname="testCases.TC_VideoGameAPI" name="test_UpdateVideoGame" time="0.234"/>
  <testcase classname="testCases.TC_VideoGameAPI" name="test_DeleteVideoGame" time="3.115"/>
</testsuite> <!-- Test -->
