<?xml version="1.0" encoding="UTF-8"?>
<testng-results ignored="0" total="5" passed="5" failed="0" skipped="0">
  <reporter-output>
  </reporter-output>
  <suite started-at="2021-09-13T11:56:04Z" name="Suite" finished-at="2021-09-13T11:56:22Z" duration-ms="18592">
    <groups>
    </groups>
    <test started-at="2021-09-13T11:56:04Z" name="Test" finished-at="2021-09-13T11:56:22Z" duration-ms="18592">
      <class name="testCases.TC_VideoGameAPI">
        <test-method signature="test_getAllVideoGames()[pri:1, instance:testCases.TC_VideoGameAPI@2474f125]" started-at="2021-09-13T11:56:04Z" name="test_getAllVideoGames" finished-at="2021-09-13T11:56:16Z" duration-ms="11788" status="PASS">
          <reporter-output>
          </reporter-output>
        </test-method> <!-- test_getAllVideoGames -->
        <test-method signature="test_addNewVideoGame()[pri:2, instance:testCases.TC_VideoGameAPI@2474f125]" started-at="2021-09-13T11:56:16Z" name="test_addNewVideoGame" finished-at="2021-09-13T11:56:16Z" duration-ms="671" status="PASS">
          <reporter-output>
          </reporter-output>
        </test-method> <!-- test_addNewVideoGame -->
        <test-method signature="test_getVideoGame()[pri:3, instance:testCases.TC_VideoGameAPI@2474f125]" started-at="2021-09-13T11:56:16Z" name="test_getVideoGame" finished-at="2021-09-13T11:56:19Z" duration-ms="2657" status="PASS">
          <reporter-output>
          </reporter-output>
        </test-method> <!-- test_getVideoGame -->
        <test-method signature="test_UpdateVideoGame()[pri:4, instance:testCases.TC_VideoGameAPI@2474f125]" started-at="2021-09-13T11:56:19Z" name="test_UpdateVideoGame" finished-at="2021-09-13T11:56:19Z" duration-ms="234" status="PASS">
          <reporter-output>
          </reporter-output>
        </test-method> <!-- test_UpdateVideoGame -->
        <test-method signature="test_DeleteVideoGame()[pri:5, instance:testCases.TC_VideoGameAPI@2474f125]" started-at="2021-09-13T11:56:19Z" name="test_DeleteVideoGame" finished-at="2021-09-13T11:56:22Z" duration-ms="3115" status="PASS">
          <reporter-output>
          </reporter-output>
        </test-method> <!-- test_DeleteVideoGame -->
      </class> <!-- testCases.TC_VideoGameAPI -->
    </test> <!-- Test -->
  </suite> <!-- Suite -->
</testng-results>
