<?xml version="1.0" encoding="UTF-8"?>
<testng-results ignored="0" total="5" passed="5" failed="0" skipped="0">
  <reporter-output>
  </reporter-output>
  <suite started-at="2021-09-13T17:03:00 IST" name="Suite" finished-at="2021-09-13T17:03:07 IST" duration-ms="7228">
    <groups>
    </groups>
    <test started-at="2021-09-13T17:03:00 IST" name="Test" finished-at="2021-09-13T17:03:07 IST" duration-ms="7228">
      <class name="testCases.TC_VideoGameAPI">
        <test-method signature="test_getAllVideoGames()[pri:1, instance:testCases.TC_VideoGameAPI@22e357dc]" started-at="2021-09-13T17:03:00 IST" name="test_getAllVideoGames" finished-at="2021-09-13T17:03:05 IST" duration-ms="4512" status="PASS">
          <reporter-output>
          </reporter-output>
        </test-method> <!-- test_getAllVideoGames -->
        <test-method signature="test_addNewVideoGame()[pri:2, instance:testCases.TC_VideoGameAPI@22e357dc]" started-at="2021-09-13T17:03:05 IST" name="test_addNewVideoGame" finished-at="2021-09-13T17:03:05 IST" duration-ms="754" status="PASS">
          <reporter-output>
          </reporter-output>
        </test-method> <!-- test_addNewVideoGame -->
        <test-method signature="test_getVideoGame()[pri:3, instance:testCases.TC_VideoGameAPI@22e357dc]" started-at="2021-09-13T17:03:05 IST" name="test_getVideoGame" finished-at="2021-09-13T17:03:07 IST" duration-ms="1559" status="PASS">
          <reporter-output>
          </reporter-output>
        </test-method> <!-- test_getVideoGame -->
        <test-method signature="test_UpdateVideoGame()[pri:4, instance:testCases.TC_VideoGameAPI@22e357dc]" started-at="2021-09-13T17:03:07 IST" name="test_UpdateVideoGame" finished-at="2021-09-13T17:03:07 IST" duration-ms="181" status="PASS">
          <reporter-output>
          </reporter-output>
        </test-method> <!-- test_UpdateVideoGame -->
        <test-method signature="test_DeleteVideoGame()[pri:5, instance:testCases.TC_VideoGameAPI@22e357dc]" started-at="2021-09-13T17:03:07 IST" name="test_DeleteVideoGame" finished-at="2021-09-13T17:03:07 IST" duration-ms="88" status="PASS">
          <reporter-output>
          </reporter-output>
        </test-method> <!-- test_DeleteVideoGame -->
      </class> <!-- testCases.TC_VideoGameAPI -->
    </test> <!-- Test -->
  </suite> <!-- Suite -->
</testng-results>
